<?xml version="1.0" encoding="UTF-8"?>
<!-- Generated by org.testng.reporters.JUnitReportReporter -->
<testsuite hostname="Marys-MacBook-Pro.local" name="unit.DriverManagerTest" tests="1" failures="0" timestamp="13 Apr 2016 18:17:52 GMT" time="3.196" errors="0">
  <testcase name="getFirefoxBrowserTest" time="3.196" classname="unit.DriverManagerTest"/>
</testsuite> <!-- unit.DriverManagerTest -->
