<?xml version="1.0" encoding="UTF-8"?>
<!-- Generated by org.testng.reporters.JUnitReportReporter -->
<testsuite hostname="Marys-MacBook-Pro.local" name="unit.PropertiesLoaderTest" tests="2" failures="0" timestamp="13 Apr 2016 18:16:27 GMT" time="0.038" errors="0">
  <testcase name="nullValueTest" time="0.002" classname="unit.PropertiesLoaderTest"/>
  <testcase name="getValidValueTest" time="0.036" classname="unit.PropertiesLoaderTest"/>
</testsuite> <!-- unit.PropertiesLoaderTest -->
