<?xml version="1.0" encoding="UTF-8"?>
<!-- Generated by org.testng.reporters.JUnitReportReporter -->
<testsuite hostname="Marys-MacBook-Pro.local" name="pandora.PandoraTest" tests="2" failures="0" timestamp="14 Apr 2016 18:04:03 GMT" time="25.592" errors="0">
  <testcase name="signUpTest" time="11.909" classname="pandora.PandoraTest"/>
  <testcase name="searchRadioTest" time="13.683" classname="pandora.PandoraTest"/>
</testsuite> <!-- pandora.PandoraTest -->
